0 info it worked if it ends with ok
1 verbose cli [ '/usr/bin/nodejs', '/usr/bin/npm', 'start' ]
2 info using npm@3.10.10
3 info using node@v6.10.1
4 verbose run-script [ 'prestart', 'start', 'poststart' ]
5 info lifecycle rockpapertracer@0.1.0~prestart: rockpapertracer@0.1.0
6 silly lifecycle rockpapertracer@0.1.0~prestart: no script for prestart, continuing
7 info lifecycle rockpapertracer@0.1.0~start: rockpapertracer@0.1.0
8 verbose lifecycle rockpapertracer@0.1.0~start: unsafe-perm in lifecycle true
9 verbose lifecycle rockpapertracer@0.1.0~start: PATH: /usr/lib/node_modules/npm/bin/node-gyp-bin:/home/olian04/Documents/Projects/Webb/RockPaperTracer/node_modules/.bin:/home/olian04/.sdkman/candidates/gradle/current/bin:/home/olian04/.cabal/bin:/opt/cabal/1.22/bin:/opt/ghc/7.10.3/bin:/usr/local/heroku/bin:/usr/local/sbin:/usr/local/bin:/usr/sbin:/usr/bin:/sbin:/bin:/usr/games:/usr/local/games:/snap/bin:/usr/lib/jvm/java-8-oracle/bin:/usr/lib/jvm/java-8-oracle/db/bin:/usr/lib/jvm/java-8-oracle/jre/bin:/home/olian04/Programs/Play FrameWork/:/home/olian04/SQLite/sqlite-tools-linux-x86/:/home/olian04/go/bin:/usr/lib/go/bin
10 verbose lifecycle rockpapertracer@0.1.0~start: CWD: /home/olian04/Documents/Projects/Webb/RockPaperTracer
11 silly lifecycle rockpapertracer@0.1.0~start: Args: [ '-c', 'au run --env dev --watch' ]
12 silly lifecycle rockpapertracer@0.1.0~start: Returned: code: 1  signal: null
13 info lifecycle rockpapertracer@0.1.0~start: Failed to exec start script
14 verbose stack Error: rockpapertracer@0.1.0 start: `au run --env dev --watch`
14 verbose stack Exit status 1
14 verbose stack     at EventEmitter.<anonymous> (/usr/lib/node_modules/npm/lib/utils/lifecycle.js:255:16)
14 verbose stack     at emitTwo (events.js:106:13)
14 verbose stack     at EventEmitter.emit (events.js:191:7)
14 verbose stack     at ChildProcess.<anonymous> (/usr/lib/node_modules/npm/lib/utils/spawn.js:40:14)
14 verbose stack     at emitTwo (events.js:106:13)
14 verbose stack     at ChildProcess.emit (events.js:191:7)
14 verbose stack     at maybeClose (internal/child_process.js:886:16)
14 verbose stack     at Process.ChildProcess._handle.onexit (internal/child_process.js:226:5)
15 verbose pkgid rockpapertracer@0.1.0
16 verbose cwd /home/olian04/Documents/Projects/Webb/RockPaperTracer
17 error Linux 4.4.0-66-generic
18 error argv "/usr/bin/nodejs" "/usr/bin/npm" "start"
19 error node v6.10.1
20 error npm  v3.10.10
21 error code ELIFECYCLE
22 error rockpapertracer@0.1.0 start: `au run --env dev --watch`
22 error Exit status 1
23 error Failed at the rockpapertracer@0.1.0 start script 'au run --env dev --watch'.
23 error Make sure you have the latest version of node.js and npm installed.
23 error If you do, this is most likely a problem with the rockpapertracer package,
23 error not with npm itself.
23 error Tell the author that this fails on your system:
23 error     au run --env dev --watch
23 error You can get information on how to open an issue for this project with:
23 error     npm bugs rockpapertracer
23 error Or if that isn't available, you can get their info via:
23 error     npm owner ls rockpapertracer
23 error There is likely additional logging output above.
24 verbose exit [ 1, true ]
